<?xml version="1.0" encoding="utf-8"?><testsuites name="pytest tests"><testsuite name="pytest" errors="0" failures="0" skipped="0" tests="9" time="21.709" timestamp="2026-01-31T16:33:46.261175+00:00" hostname="agent-env-db9a1cc7-370b-4a70-a407-c8003e0d6878"><testcase classname="tests.test_eco_routing_features.TestEcoRoutingFeatures" name="test_route_professional_without_eco_routing" time="4.989" /><testcase classname="tests.test_eco_routing_features.TestEcoRoutingFeatures" name="test_route_professional_with_eco_routing" time="7.049" /><testcase classname="tests.test_eco_routing_features.TestEcoRoutingFeatures" name="test_rest_stop_suggestions_have_real_names" time="4.896" /><testcase classname="tests.test_eco_routing_features.TestEcoRoutingFeatures" name="test_tachograph_compliance_endpoint" time="0.280" /><testcase classname="tests.test_eco_routing_features.TestEcoRoutingFeatures" name="test_driving_logs_summary_for_arbeitszeit" time="0.297" /><testcase classname="tests.test_eco_routing_features.TestEcoRoutingFeatures" name="test_route_with_waypoint" time="3.272" /><testcase classname="tests.test_eco_routing_features.TestTachographDisplay" name="test_tachograph_block_data" time="0.281" /><testcase classname="tests.test_eco_routing_features.TestTachographDisplay" name="test_active_driving_log" time="0.270" /><testcase classname="tests.test_eco_routing_features.TestVehicleProfiles" name="test_get_vehicles" time="0.311" /></testsuite></testsuites>