<?xml version="1.0" encoding="utf-8"?><testsuites name="pytest tests"><testsuite name="pytest" errors="0" failures="0" skipped="0" tests="6" time="28.615" timestamp="2026-01-31T15:35:06.844368+00:00" hostname="agent-env-db9a1cc7-370b-4a70-a407-c8003e0d6878"><testcase classname="backend.tests.test_rest_stop_features.TestRestStopFeatures" name="test_route_koeln_berlin_returns_rest_stop_names" time="3.379" /><testcase classname="backend.tests.test_rest_stop_features.TestRestStopFeatures" name="test_rest_stop_suggestion_structure" time="4.807" /><testcase classname="backend.tests.test_rest_stop_features.TestRestStopFeatures" name="test_three_break_options_returned" time="5.271" /><testcase classname="backend.tests.test_rest_stop_features.TestRestStopFeatures" name="test_rest_stop_names_are_real_pois" time="5.011" /><testcase classname="backend.tests.test_rest_stop_features.TestRestStopFeatures" name="test_rest_stop_has_address" time="4.928" /><testcase classname="backend.tests.test_rest_stop_features.TestRouteWithWaypoints" name="test_route_with_waypoint" time="5.161" /></testsuite></testsuites>