<?xml version="1.0" encoding="utf-8"?><testsuites name="pytest tests"><testsuite name="pytest" errors="0" failures="0" skipped="0" tests="15" time="14.089" timestamp="2026-01-31T07:59:34.884190+00:00" hostname="agent-env-db9a1cc7-370b-4a70-a407-c8003e0d6878"><testcase classname="backend.tests.test_routes_api.TestAuthentication" name="test_login_success" time="0.297" /><testcase classname="backend.tests.test_routes_api.TestAuthentication" name="test_login_invalid_credentials" time="0.039" /><testcase classname="backend.tests.test_routes_api.TestProfessionalRoute" name="test_professional_route_berlin_munich" time="3.644" /><testcase classname="backend.tests.test_routes_api.TestProfessionalRoute" name="test_professional_route_with_waypoints" time="2.345" /><testcase classname="backend.tests.test_routes_api.TestProfessionalRoute" name="test_professional_route_unauthorized" time="0.050" /><testcase classname="backend.tests.test_routes_api.TestTrafficCheck" name="test_traffic_check_basic" time="2.097" /><testcase classname="backend.tests.test_routes_api.TestTrafficCheck" name="test_traffic_check_unauthorized" time="0.037" /><testcase classname="backend.tests.test_routes_api.TestBasicRouteEndpoint" name="test_basic_route_calculation" time="3.634" /><testcase classname="backend.tests.test_routes_api.TestTachographCompliance" name="test_compliance_status" time="0.306" /><testcase classname="backend.tests.test_routes_api.TestDrivingLogsSummary" name="test_weekly_summary" time="0.291" /><testcase classname="backend.tests.test_routes_api.TestDrivingLogsExport" name="test_export_csv" time="0.337" /><testcase classname="backend.tests.test_routes_api.TestDrivingLogsExport" name="test_export_pdf" time="0.291" /><testcase classname="backend.tests.test_routes_api.TestDrivingLogsExport" name="test_export_unauthorized" time="0.035" /><testcase classname="backend.tests.test_routes_api.TestVehicleManagement" name="test_get_vehicles" time="0.290" /><testcase classname="backend.tests.test_routes_api.TestVehicleManagement" name="test_update_vehicle" time="0.319" /></testsuite></testsuites>