<?xml version="1.0" encoding="utf-8"?><testsuites name="pytest tests"><testsuite name="pytest" errors="0" failures="0" skipped="0" tests="15" time="21.636" timestamp="2026-01-30T19:43:41.476665+00:00" hostname="agent-env-2103e5c0-29bf-4413-bee3-e0eef0eac0b0"><testcase classname="tests.test_routes_api.TestAuthentication" name="test_login_success" time="0.322" /><testcase classname="tests.test_routes_api.TestAuthentication" name="test_login_invalid_credentials" time="0.040" /><testcase classname="tests.test_routes_api.TestProfessionalRoute" name="test_professional_route_berlin_munich" time="10.738" /><testcase classname="tests.test_routes_api.TestProfessionalRoute" name="test_professional_route_with_waypoints" time="2.577" /><testcase classname="tests.test_routes_api.TestProfessionalRoute" name="test_professional_route_unauthorized" time="0.045" /><testcase classname="tests.test_routes_api.TestTrafficCheck" name="test_traffic_check_basic" time="2.180" /><testcase classname="tests.test_routes_api.TestTrafficCheck" name="test_traffic_check_unauthorized" time="0.039" /><testcase classname="tests.test_routes_api.TestBasicRouteEndpoint" name="test_basic_route_calculation" time="3.460" /><testcase classname="tests.test_routes_api.TestTachographCompliance" name="test_compliance_status" time="0.304" /><testcase classname="tests.test_routes_api.TestDrivingLogsSummary" name="test_weekly_summary" time="0.303" /><testcase classname="tests.test_routes_api.TestDrivingLogsExport" name="test_export_csv" time="0.301" /><testcase classname="tests.test_routes_api.TestDrivingLogsExport" name="test_export_pdf" time="0.309" /><testcase classname="tests.test_routes_api.TestDrivingLogsExport" name="test_export_unauthorized" time="0.256" /><testcase classname="tests.test_routes_api.TestVehicleManagement" name="test_get_vehicles" time="0.310" /><testcase classname="tests.test_routes_api.TestVehicleManagement" name="test_update_vehicle" time="0.358" /></testsuite></testsuites>