<?xml version="1.0" encoding="utf-8"?><testsuites name="pytest tests"><testsuite name="pytest" errors="0" failures="0" skipped="0" tests="14" time="4.090" timestamp="2026-01-30T13:39:22.998522+00:00" hostname="agent-env-8b700776-9bce-4284-8e9a-b49bda26135b"><testcase classname="backend.tests.test_tachograph.TestTachographAPI" name="test_get_available_types" time="0.324" /><testcase classname="backend.tests.test_tachograph.TestTachographAPI" name="test_connect_manual_tachograph" time="0.268" /><testcase classname="backend.tests.test_tachograph.TestTachographAPI" name="test_get_tachograph_data" time="0.286" /><testcase classname="backend.tests.test_tachograph.TestTachographAPI" name="test_set_activity_driving" time="0.276" /><testcase classname="backend.tests.test_tachograph.TestTachographAPI" name="test_set_activity_working" time="0.269" /><testcase classname="backend.tests.test_tachograph.TestTachographAPI" name="test_set_activity_available" time="0.270" /><testcase classname="backend.tests.test_tachograph.TestTachographAPI" name="test_set_activity_rest" time="0.281" /><testcase classname="backend.tests.test_tachograph.TestTachographAPI" name="test_get_compliance_status" time="0.312" /><testcase classname="backend.tests.test_tachograph.TestTachographAPI" name="test_may_drive" time="0.266" /><testcase classname="backend.tests.test_tachograph.TestTachographAPI" name="test_driving_mode_display" time="0.262" /><testcase classname="backend.tests.test_tachograph.TestTachographAPI" name="test_get_legal_texts" time="0.267" /><testcase classname="backend.tests.test_tachograph.TestTachographAPI" name="test_set_manual_time" time="0.270" /><testcase classname="backend.tests.test_tachograph.TestTachographAPI" name="test_disconnect_tachograph" time="0.263" /><testcase classname="backend.tests.test_tachograph.TestTachographCompliance" name="test_compliance_with_avg_speed" time="0.354" /></testsuite></testsuites>